c:\users\dears\source\repos\azure_sphere_sk_adc_rtapp\avnetazurespheresk_oled\avnetstarterkitreferencedesign\bin\arm\debug\avnetstarterkitoled.out
c:\users\dears\source\repos\azure_sphere_sk_adc_rtapp\avnetazurespheresk_oled\avnetstarterkitreferencedesign\bin\arm\debug\approotavnetstarterkitoled\app_manifest.json
c:\users\dears\source\repos\azure_sphere_sk_adc_rtapp\avnetazurespheresk_oled\avnetstarterkitreferencedesign\bin\arm\debug\approotavnetstarterkitoled\bin\app
c:\users\dears\source\repos\azure_sphere_sk_adc_rtapp\avnetazurespheresk_oled\avnetstarterkitreferencedesign\bin\arm\debug\avnetstarterkitoled.imagepackage
c:\users\dears\source\repos\azure_sphere_sk_adc_rtapp\avnetazurespheresk_oled\avnetstarterkitreferencedesign\obj\arm\debug\main.o
c:\users\dears\source\repos\azure_sphere_sk_adc_rtapp\avnetazurespheresk_oled\avnetstarterkitreferencedesign\obj\arm\debug\oled.o
c:\users\dears\source\repos\azure_sphere_sk_adc_rtapp\avnetazurespheresk_oled\avnetstarterkitreferencedesign\obj\arm\debug\sd1306.o
c:\users\dears\source\repos\azure_sphere_sk_adc_rtapp\avnetazurespheresk_oled\avnetstarterkitreferencedesign\obj\arm\debug\parson.o
c:\users\dears\source\repos\azure_sphere_sk_adc_rtapp\avnetazurespheresk_oled\avnetstarterkitreferencedesign\obj\arm\debug\device_twin.o
c:\users\dears\source\repos\azure_sphere_sk_adc_rtapp\avnetazurespheresk_oled\avnetstarterkitreferencedesign\obj\arm\debug\azure_iot_utilities.o
c:\users\dears\source\repos\azure_sphere_sk_adc_rtapp\avnetazurespheresk_oled\avnetstarterkitreferencedesign\obj\arm\debug\i2c.o
c:\users\dears\source\repos\azure_sphere_sk_adc_rtapp\avnetazurespheresk_oled\avnetstarterkitreferencedesign\obj\arm\debug\lps22hh_reg.o
c:\users\dears\source\repos\azure_sphere_sk_adc_rtapp\avnetazurespheresk_oled\avnetstarterkitreferencedesign\obj\arm\debug\epoll_timerfd_utilities.o
c:\users\dears\source\repos\azure_sphere_sk_adc_rtapp\avnetazurespheresk_oled\avnetstarterkitreferencedesign\obj\arm\debug\lsm6dso_reg.o
c:\users\dears\source\repos\azure_sphere_sk_adc_rtapp\avnetazurespheresk_oled\avnetstarterkitreferencedesign\obj\arm\debug\avnetsta.1ec4aaf4.tlog\arm-poky-linux-musleabi-gcc.command.1.tlog
c:\users\dears\source\repos\azure_sphere_sk_adc_rtapp\avnetazurespheresk_oled\avnetstarterkitreferencedesign\obj\arm\debug\avnetsta.1ec4aaf4.tlog\arm-poky-linux-musleabi-gcc.read.1.tlog
c:\users\dears\source\repos\azure_sphere_sk_adc_rtapp\avnetazurespheresk_oled\avnetstarterkitreferencedesign\obj\arm\debug\avnetsta.1ec4aaf4.tlog\arm-poky-linux-musleabi-gcc.write.1.tlog
c:\users\dears\source\repos\azure_sphere_sk_adc_rtapp\avnetazurespheresk_oled\avnetstarterkitreferencedesign\obj\arm\debug\avnetsta.1ec4aaf4.tlog\avnetstarterkitoled-makeimage.read.1u.tlog
c:\users\dears\source\repos\azure_sphere_sk_adc_rtapp\avnetazurespheresk_oled\avnetstarterkitreferencedesign\obj\arm\debug\avnetsta.1ec4aaf4.tlog\avnetstarterkitoled-makeimage.write.1u.tlog
c:\users\dears\source\repos\azure_sphere_sk_adc_rtapp\avnetazurespheresk_oled\avnetstarterkitreferencedesign\obj\arm\debug\avnetsta.1ec4aaf4.tlog\microsoft.build.linux.cross.tasks.compile.read.1.tlog
c:\users\dears\source\repos\azure_sphere_sk_adc_rtapp\avnetazurespheresk_oled\avnetstarterkitreferencedesign\obj\arm\debug\avnetsta.1ec4aaf4.tlog\microsoft.build.linux.cross.tasks.compile.write.1.tlog
